c:\users\luccb\desktop\about me\ynov\c++\courssfml\courssfml\x64\debug\vc143.pdb
c:\users\luccb\desktop\about me\ynov\c++\courssfml\courssfml\x64\debug\vc143.idb
c:\users\luccb\desktop\about me\ynov\c++\courssfml\courssfml\x64\debug\world.obj
c:\users\luccb\desktop\about me\ynov\c++\courssfml\courssfml\x64\debug\vector2.obj
c:\users\luccb\desktop\about me\ynov\c++\courssfml\courssfml\x64\debug\player.obj
c:\users\luccb\desktop\about me\ynov\c++\courssfml\courssfml\x64\debug\food.obj
c:\users\luccb\desktop\about me\ynov\c++\courssfml\courssfml\x64\debug\entity.obj
c:\users\luccb\desktop\about me\ynov\c++\courssfml\courssfml\x64\debug\courssfml.obj
c:\users\luccb\desktop\about me\ynov\c++\courssfml\courssfml\x64\debug\bodysnake.obj
c:\users\luccb\desktop\about me\ynov\c++\courssfml\x64\debug\sfml-graphics-d-2.dll
c:\users\luccb\desktop\about me\ynov\c++\courssfml\x64\debug\sfml-window-d-2.dll
c:\users\luccb\desktop\about me\ynov\c++\courssfml\x64\debug\sfml-system-d-2.dll
c:\users\luccb\desktop\about me\ynov\c++\courssfml\x64\debug\freetyped.dll
c:\users\luccb\desktop\about me\ynov\c++\courssfml\x64\debug\zlibd1.dll
c:\users\luccb\desktop\about me\ynov\c++\courssfml\x64\debug\bz2d.dll
c:\users\luccb\desktop\about me\ynov\c++\courssfml\x64\debug\libpng16d.dll
c:\users\luccb\desktop\about me\ynov\c++\courssfml\x64\debug\brotlidec.dll
c:\users\luccb\desktop\about me\ynov\c++\courssfml\x64\debug\brotlicommon.dll
c:\users\luccb\desktop\about me\ynov\c++\courssfml\courssfml\x64\debug\courssfml.ilk
c:\users\luccb\desktop\about me\ynov\c++\courssfml\x64\debug\courssfml.pdb
c:\users\luccb\desktop\about me\ynov\c++\courssfml\courssfml\x64\debug\courssfml.tlog\cl.command.1.tlog
c:\users\luccb\desktop\about me\ynov\c++\courssfml\courssfml\x64\debug\courssfml.tlog\cl.items.tlog
c:\users\luccb\desktop\about me\ynov\c++\courssfml\courssfml\x64\debug\courssfml.tlog\cl.read.1.tlog
c:\users\luccb\desktop\about me\ynov\c++\courssfml\courssfml\x64\debug\courssfml.tlog\cl.write.1.tlog
c:\users\luccb\desktop\about me\ynov\c++\courssfml\courssfml\x64\debug\courssfml.tlog\courssfml.write.1u.tlog
c:\users\luccb\desktop\about me\ynov\c++\courssfml\courssfml\x64\debug\courssfml.tlog\link-cvtres.read.1.tlog
c:\users\luccb\desktop\about me\ynov\c++\courssfml\courssfml\x64\debug\courssfml.tlog\link-cvtres.write.1.tlog
c:\users\luccb\desktop\about me\ynov\c++\courssfml\courssfml\x64\debug\courssfml.tlog\link-rc.read.1.tlog
c:\users\luccb\desktop\about me\ynov\c++\courssfml\courssfml\x64\debug\courssfml.tlog\link-rc.write.1.tlog
c:\users\luccb\desktop\about me\ynov\c++\courssfml\courssfml\x64\debug\courssfml.tlog\link.12396-cvtres.read.1.tlog
c:\users\luccb\desktop\about me\ynov\c++\courssfml\courssfml\x64\debug\courssfml.tlog\link.12396-cvtres.write.1.tlog
c:\users\luccb\desktop\about me\ynov\c++\courssfml\courssfml\x64\debug\courssfml.tlog\link.12396-rc.read.1.tlog
c:\users\luccb\desktop\about me\ynov\c++\courssfml\courssfml\x64\debug\courssfml.tlog\link.12396-rc.write.1.tlog
c:\users\luccb\desktop\about me\ynov\c++\courssfml\courssfml\x64\debug\courssfml.tlog\link.12396.read.1.tlog
c:\users\luccb\desktop\about me\ynov\c++\courssfml\courssfml\x64\debug\courssfml.tlog\link.12396.read.2.tlog
c:\users\luccb\desktop\about me\ynov\c++\courssfml\courssfml\x64\debug\courssfml.tlog\link.12396.write.1.tlog
c:\users\luccb\desktop\about me\ynov\c++\courssfml\courssfml\x64\debug\courssfml.tlog\link.command.1.tlog
c:\users\luccb\desktop\about me\ynov\c++\courssfml\courssfml\x64\debug\courssfml.tlog\link.read.1.tlog
c:\users\luccb\desktop\about me\ynov\c++\courssfml\courssfml\x64\debug\courssfml.tlog\link.read.2.tlog
c:\users\luccb\desktop\about me\ynov\c++\courssfml\courssfml\x64\debug\courssfml.tlog\link.secondary.1.tlog
c:\users\luccb\desktop\about me\ynov\c++\courssfml\courssfml\x64\debug\courssfml.tlog\link.write.1.tlog
